Warning[205] C:\USERS\RED\MPLABXPROJECTS\ENCDER_4X_2BYTE_2ESKOMPLEMENS.X\ENCODER_4X_2BYTE.ASM 29 : Found directive in column 1. (org)
Warning[203] C:\USERS\RED\MPLABXPROJECTS\ENCDER_4X_2BYTE_2ESKOMPLEMENS.X\ENCODER_4X_2BYTE.ASM 30 : Found opcode in column 1. (goto)
Warning[205] C:\USERS\RED\MPLABXPROJECTS\ENCDER_4X_2BYTE_2ESKOMPLEMENS.X\ENCODER_4X_2BYTE.ASM 35 : Found directive in column 1. (cblock)
Warning[205] C:\USERS\RED\MPLABXPROJECTS\ENCDER_4X_2BYTE_2ESKOMPLEMENS.X\ENCODER_4X_2BYTE.ASM 40 : Found directive in column 1. (ENDC)
Warning[207] C:\USERS\RED\MPLABXPROJECTS\ENCDER_4X_2BYTE_2ESKOMPLEMENS.X\ENCODER_4X_2BYTE.ASM 51 : Found label after column 1. (BTEST)
Warning[204] C:\USERS\RED\MPLABXPROJECTS\ENCDER_4X_2BYTE_2ESKOMPLEMENS.X\ENCODER_4X_2BYTE.ASM 57 : Found pseudo-op in column 1. (movfw)
Warning[203] C:\USERS\RED\MPLABXPROJECTS\ENCDER_4X_2BYTE_2ESKOMPLEMENS.X\ENCODER_4X_2BYTE.ASM 58 : Found opcode in column 1. (iorlw)
Warning[203] C:\USERS\RED\MPLABXPROJECTS\ENCDER_4X_2BYTE_2ESKOMPLEMENS.X\ENCODER_4X_2BYTE.ASM 59 : Found opcode in column 1. (movwf)
Warning[204] C:\USERS\RED\MPLABXPROJECTS\ENCDER_4X_2BYTE_2ESKOMPLEMENS.X\ENCODER_4X_2BYTE.ASM 62 : Found pseudo-op in column 1. (movfw)
Warning[203] C:\USERS\RED\MPLABXPROJECTS\ENCDER_4X_2BYTE_2ESKOMPLEMENS.X\ENCODER_4X_2BYTE.ASM 63 : Found opcode in column 1. (iorlw)
Warning[203] C:\USERS\RED\MPLABXPROJECTS\ENCDER_4X_2BYTE_2ESKOMPLEMENS.X\ENCODER_4X_2BYTE.ASM 64 : Found opcode in column 1. (movwf)
Message[305] C:\USERS\RED\MPLABXPROJECTS\ENCDER_4X_2BYTE_2ESKOMPLEMENS.X\ENCODER_4X_2BYTE.ASM 72 : Using default destination of 1 (file).
Message[305] C:\USERS\RED\MPLABXPROJECTS\ENCDER_4X_2BYTE_2ESKOMPLEMENS.X\ENCODER_4X_2BYTE.ASM 74 : Using default destination of 1 (file).
Message[305] C:\USERS\RED\MPLABXPROJECTS\ENCDER_4X_2BYTE_2ESKOMPLEMENS.X\ENCODER_4X_2BYTE.ASM 78 : Using default destination of 1 (file).
Message[305] C:\USERS\RED\MPLABXPROJECTS\ENCDER_4X_2BYTE_2ESKOMPLEMENS.X\ENCODER_4X_2BYTE.ASM 80 : Using default destination of 1 (file).
Message[305] C:\USERS\RED\MPLABXPROJECTS\ENCDER_4X_2BYTE_2ESKOMPLEMENS.X\ENCODER_4X_2BYTE.ASM 83 : Using default destination of 1 (file).
Message[305] C:\USERS\RED\MPLABXPROJECTS\ENCDER_4X_2BYTE_2ESKOMPLEMENS.X\ENCODER_4X_2BYTE.ASM 85 : Using default destination of 1 (file).
Message[305] C:\USERS\RED\MPLABXPROJECTS\ENCDER_4X_2BYTE_2ESKOMPLEMENS.X\ENCODER_4X_2BYTE.ASM 86 : Using default destination of 1 (file).
Message[305] C:\USERS\RED\MPLABXPROJECTS\ENCDER_4X_2BYTE_2ESKOMPLEMENS.X\ENCODER_4X_2BYTE.ASM 88 : Using default destination of 1 (file).
Message[305] C:\USERS\RED\MPLABXPROJECTS\ENCDER_4X_2BYTE_2ESKOMPLEMENS.X\ENCODER_4X_2BYTE.ASM 92 : Using default destination of 1 (file).
Message[305] C:\USERS\RED\MPLABXPROJECTS\ENCDER_4X_2BYTE_2ESKOMPLEMENS.X\ENCODER_4X_2BYTE.ASM 94 : Using default destination of 1 (file).
Message[305] C:\USERS\RED\MPLABXPROJECTS\ENCDER_4X_2BYTE_2ESKOMPLEMENS.X\ENCODER_4X_2BYTE.ASM 100 : Using default destination of 1 (file).
Message[305] C:\USERS\RED\MPLABXPROJECTS\ENCDER_4X_2BYTE_2ESKOMPLEMENS.X\ENCODER_4X_2BYTE.ASM 101 : Using default destination of 1 (file).
Message[302] C:\USERS\RED\MPLABXPROJECTS\ENCDER_4X_2BYTE_2ESKOMPLEMENS.X\ENCODER_4X_2BYTE.ASM 108 : Register in operand not in bank 0.  Ensure that bank bits are correct.
Message[302] C:\USERS\RED\MPLABXPROJECTS\ENCDER_4X_2BYTE_2ESKOMPLEMENS.X\ENCODER_4X_2BYTE.ASM 109 : Register in operand not in bank 0.  Ensure that bank bits are correct.
Warning[205] C:\USERS\RED\MPLABXPROJECTS\ENCDER_4X_2BYTE_2ESKOMPLEMENS.X\ENCODER_4X_2BYTE.ASM 115 : Found directive in column 1. (BANKSEL)
Message[302] C:\USERS\RED\MPLABXPROJECTS\ENCDER_4X_2BYTE_2ESKOMPLEMENS.X\ENCODER_4X_2BYTE.ASM 117 : Register in operand not in bank 0.  Ensure that bank bits are correct.
Warning[205] C:\USERS\RED\MPLABXPROJECTS\ENCDER_4X_2BYTE_2ESKOMPLEMENS.X\ENCODER_4X_2BYTE.ASM 120 : Found directive in column 1. (BANKSEL)
Message[302] C:\USERS\RED\MPLABXPROJECTS\ENCDER_4X_2BYTE_2ESKOMPLEMENS.X\ENCODER_4X_2BYTE.ASM 121 : Register in operand not in bank 0.  Ensure that bank bits are correct.
Warning[205] C:\USERS\RED\MPLABXPROJECTS\ENCDER_4X_2BYTE_2ESKOMPLEMENS.X\ENCODER_4X_2BYTE.ASM 123 : Found directive in column 1. (BANKSEL)
Message[302] C:\USERS\RED\MPLABXPROJECTS\ENCDER_4X_2BYTE_2ESKOMPLEMENS.X\ENCODER_4X_2BYTE.ASM 125 : Register in operand not in bank 0.  Ensure that bank bits are correct.
Warning[205] C:\USERS\RED\MPLABXPROJECTS\ENCDER_4X_2BYTE_2ESKOMPLEMENS.X\ENCODER_4X_2BYTE.ASM 127 : Found directive in column 1. (BANKSEL)
Warning[205] C:\USERS\RED\MPLABXPROJECTS\ENCDER_4X_2BYTE_2ESKOMPLEMENS.X\ENCODER_4X_2BYTE.ASM 145 : Found directive in column 1. (BANKSEL)
Message[302] C:\USERS\RED\MPLABXPROJECTS\ENCDER_4X_2BYTE_2ESKOMPLEMENS.X\ENCODER_4X_2BYTE.ASM 147 : Register in operand not in bank 0.  Ensure that bank bits are correct.
Warning[205] C:\USERS\RED\MPLABXPROJECTS\ENCDER_4X_2BYTE_2ESKOMPLEMENS.X\ENCODER_4X_2BYTE.ASM 149 : Found directive in column 1. (BANKSEL)
Warning[205] C:\USERS\RED\MPLABXPROJECTS\ENCDER_4X_2BYTE_2ESKOMPLEMENS.X\ENCODER_4X_2BYTE.ASM 153 : Found directive in column 1. (BANKSEL)
Message[302] C:\USERS\RED\MPLABXPROJECTS\ENCDER_4X_2BYTE_2ESKOMPLEMENS.X\ENCODER_4X_2BYTE.ASM 155 : Register in operand not in bank 0.  Ensure that bank bits are correct.
Warning[205] C:\USERS\RED\MPLABXPROJECTS\ENCDER_4X_2BYTE_2ESKOMPLEMENS.X\ENCODER_4X_2BYTE.ASM 157 : Found directive in column 1. (BANKSEL)
Message[302] C:\USERS\RED\MPLABXPROJECTS\ENCDER_4X_2BYTE_2ESKOMPLEMENS.X\ENCODER_4X_2BYTE.ASM 159 : Register in operand not in bank 0.  Ensure that bank bits are correct.
Warning[203] C:\USERS\RED\MPLABXPROJECTS\ENCDER_4X_2BYTE_2ESKOMPLEMENS.X\ENCODER_4X_2BYTE.ASM 163 : Found opcode in column 1. (movlw)
Warning[203] C:\USERS\RED\MPLABXPROJECTS\ENCDER_4X_2BYTE_2ESKOMPLEMENS.X\ENCODER_4X_2BYTE.ASM 164 : Found opcode in column 1. (movwf)
Warning[203] C:\USERS\RED\MPLABXPROJECTS\ENCDER_4X_2BYTE_2ESKOMPLEMENS.X\ENCODER_4X_2BYTE.ASM 165 : Found opcode in column 1. (movwf)
Warning[205] C:\USERS\RED\MPLABXPROJECTS\ENCDER_4X_2BYTE_2ESKOMPLEMENS.X\ENCODER_4X_2BYTE.ASM 167 : Found directive in column 1. (BANKSEL)
Warning[204] C:\USERS\RED\MPLABXPROJECTS\ENCDER_4X_2BYTE_2ESKOMPLEMENS.X\ENCODER_4X_2BYTE.ASM 168 : Found pseudo-op in column 1. (movfw)
Warning[203] C:\USERS\RED\MPLABXPROJECTS\ENCDER_4X_2BYTE_2ESKOMPLEMENS.X\ENCODER_4X_2BYTE.ASM 169 : Found opcode in column 1. (andlw)
Warning[203] C:\USERS\RED\MPLABXPROJECTS\ENCDER_4X_2BYTE_2ESKOMPLEMENS.X\ENCODER_4X_2BYTE.ASM 170 : Found opcode in column 1. (movwf)
Warning[207] C:\USERS\RED\MPLABXPROJECTS\ENCDER_4X_2BYTE_2ESKOMPLEMENS.X\ENCODER_4X_2BYTE.ASM 176 : Found label after column 1. (main)
